TN:
SF:models\Asset.js
FNF:0
FNH:0
DA:1,0
DA:11,0
DA:41,0
DA:43,0
LF:4
LH:0
BRF:0
BRH:0
end_of_record
TN:
SF:models\Budget.js
FNF:0
FNH:0
DA:1,0
DA:3,0
DA:33,0
DA:35,0
DA:37,0
LF:5
LH:0
BRF:0
BRH:0
end_of_record
TN:
SF:models\Category.js
FNF:0
FNH:0
DA:1,1
DA:2,1
DA:5,1
DA:16,1
DA:63,1
DA:65,1
LF:6
LH:6
BRF:0
BRH:0
end_of_record
TN:
SF:models\FinancialGoal.js
FNF:0
FNH:0
DA:1,0
DA:11,0
DA:35,0
DA:37,0
LF:4
LH:0
BRF:0
BRH:0
end_of_record
TN:
SF:models\Ledger.js
FNF:0
FNH:0
DA:1,0
DA:2,0
DA:12,0
DA:37,0
DA:39,0
LF:5
LH:0
BRF:0
BRH:0
end_of_record
TN:
SF:models\LedgerTransaction.js
FN:38,(anonymous_0)
FN:41,(anonymous_1)
FN:52,(anonymous_2)
FN:59,(anonymous_3)
FN:101,(anonymous_4)
FNF:5
FNH:0
FNDA:0,(anonymous_0)
FNDA:0,(anonymous_1)
FNDA:0,(anonymous_2)
FNDA:0,(anonymous_3)
FNDA:0,(anonymous_4)
DA:1,0
DA:2,0
DA:23,0
DA:39,0
DA:41,0
DA:53,0
DA:60,0
DA:102,0
DA:124,0
DA:126,0
DA:128,0
DA:130,0
DA:132,0
LF:13
LH:0
BRDA:60,0,0,0
BRDA:60,0,1,0
BRDA:60,0,2,0
BRDA:102,1,0,0
BRDA:102,1,1,0
BRF:5
BRH:0
end_of_record
TN:
SF:models\Liability.js
FNF:0
FNH:0
DA:1,0
DA:12,0
DA:46,0
DA:48,0
LF:4
LH:0
BRF:0
BRH:0
end_of_record
TN:
SF:models\Transaction.js
FN:41,(anonymous_0)
FN:44,(anonymous_1)
FN:60,(anonymous_2)
FN:64,(anonymous_3)
FN:72,(anonymous_4)
FN:75,(anonymous_5)
FN:123,(anonymous_6)
FN:170,(anonymous_7)
FN:173,(anonymous_8)
FN:182,(anonymous_9)
FNF:10
FNH:7
FNDA:1,(anonymous_0)
FNDA:0,(anonymous_1)
FNDA:1,(anonymous_2)
FNDA:0,(anonymous_3)
FNDA:1,(anonymous_4)
FNDA:0,(anonymous_5)
FNDA:1,(anonymous_6)
FNDA:1,(anonymous_7)
FNDA:1,(anonymous_8)
FNDA:1,(anonymous_9)
DA:1,1
DA:2,1
DA:26,1
DA:42,1
DA:44,0
DA:62,1
DA:66,0
DA:73,1
DA:77,0
DA:124,1
DA:125,1
DA:127,0
DA:171,1
DA:174,1
DA:182,1
DA:183,1
DA:186,1
DA:187,0
DA:191,1
DA:192,0
DA:193,0
DA:194,0
DA:195,0
DA:196,0
DA:200,1
DA:201,0
DA:202,0
DA:205,1
DA:209,1
DA:211,1
DA:213,1
DA:215,1
DA:217,1
LF:33
LH:21
BRDA:66,0,0,0
BRDA:66,0,1,0
BRDA:66,1,0,0
BRDA:66,1,1,0
BRDA:73,2,0,1
BRDA:73,2,1,1
BRDA:73,2,2,1
BRDA:77,3,0,0
BRDA:77,3,1,0
BRDA:124,4,0,1
BRDA:124,4,1,0
BRDA:124,5,0,1
BRDA:124,5,1,0
BRDA:174,6,0,0
BRDA:174,6,1,1
BRDA:186,7,0,0
BRDA:186,7,1,1
BRDA:191,8,0,0
BRDA:191,8,1,1
BRDA:193,9,0,0
BRDA:193,9,1,0
BRDA:200,10,0,0
BRDA:200,10,1,1
BRF:23
BRH:9
end_of_record
TN:
SF:models\TransactionSchema.js
FN:36,(anonymous_0)
FN:39,(anonymous_1)
FN:98,(anonymous_2)
FN:130,(anonymous_3)
FNF:4
FNH:0
FNDA:0,(anonymous_0)
FNDA:0,(anonymous_1)
FNDA:0,(anonymous_2)
FNDA:0,(anonymous_3)
DA:1,0
DA:2,0
DA:21,0
DA:37,0
DA:39,0
DA:99,0
DA:100,0
DA:102,0
DA:130,0
DA:132,0
DA:133,0
DA:137,0
DA:138,0
DA:139,0
DA:141,0
DA:142,0
DA:145,0
DA:149,0
DA:151,0
DA:153,0
DA:155,0
DA:157,0
LF:22
LH:0
BRDA:99,0,0,0
BRDA:99,0,1,0
BRDA:99,1,0,0
BRDA:99,1,1,0
BRDA:132,2,0,0
BRDA:132,2,1,0
BRDA:132,3,0,0
BRDA:132,3,1,0
BRDA:132,3,2,0
BRDA:137,4,0,0
BRDA:137,4,1,0
BRDA:137,5,0,0
BRDA:137,5,1,0
BRDA:137,5,2,0
BRDA:138,6,0,0
BRDA:138,6,1,0
BRDA:141,7,0,0
BRDA:141,7,1,0
BRF:18
BRH:0
end_of_record
TN:
SF:models\User.js
FN:192,(anonymous_0)
FNF:1
FNH:0
FNDA:0,(anonymous_0)
DA:1,0
DA:2,0
DA:31,0
DA:192,0
DA:193,0
DA:194,0
DA:195,0
DA:196,0
DA:198,0
DA:200,0
DA:201,0
DA:204,0
DA:207,0
LF:13
LH:0
BRDA:193,0,0,0
BRDA:193,0,1,0
BRDA:194,1,0,0
BRDA:194,1,1,0
BRDA:195,2,0,0
BRDA:195,2,1,0
BRDA:196,3,0,0
BRDA:196,3,1,0
BRDA:200,4,0,0
BRDA:200,4,1,0
BRF:10
BRH:0
end_of_record
TN:
SF:routes\assets.js
FNF:0
FNH:0
DA:1,0
DA:2,0
DA:3,0
DA:4,0
DA:7,0
DA:12,0
DA:17,0
DA:22,0
DA:27,0
DA:29,0
LF:10
LH:0
BRF:0
BRH:0
end_of_record
TN:
SF:routes\auth.js
FNF:0
FNH:0
DA:1,0
DA:2,0
DA:3,0
DA:4,0
DA:5,0
DA:6,0
DA:11,0
DA:16,0
DA:21,0
DA:26,0
DA:31,0
DA:34,0
DA:39,0
DA:44,0
DA:49,0
DA:54,0
DA:56,0
LF:17
LH:0
BRF:0
BRH:0
end_of_record
TN:
SF:routes\budgets.js
FN:12,(anonymous_0)
FNF:1
FNH:0
FNDA:0,(anonymous_0)
DA:1,0
DA:2,0
DA:3,0
DA:4,0
DA:7,0
DA:12,0
DA:18,0
DA:23,0
DA:28,0
DA:34,0
DA:39,0
DA:41,0
LF:12
LH:0
BRF:0
BRH:0
end_of_record
TN:
SF:routes\categories.js
FNF:0
FNH:0
DA:1,1
DA:2,1
DA:3,1
DA:4,1
DA:9,1
DA:14,1
DA:19,1
DA:24,1
DA:29,1
DA:34,1
DA:39,1
DA:44,1
DA:49,1
DA:51,1
LF:14
LH:14
BRF:0
BRH:0
end_of_record
TN:
SF:routes\financialGoals.js
FNF:0
FNH:0
DA:1,0
DA:2,0
DA:3,0
DA:4,0
DA:7,0
DA:12,0
DA:17,0
DA:22,0
DA:27,0
DA:32,0
DA:34,0
LF:11
LH:0
BRF:0
BRH:0
end_of_record
TN:
SF:routes\financialPlanning.js
FNF:0
FNH:0
DA:1,0
DA:2,0
DA:3,0
DA:4,0
DA:7,0
DA:12,0
DA:16,0
LF:7
LH:0
BRF:0
BRH:0
end_of_record
TN:
SF:routes\ledgers.js
FN:13,(anonymous_0)
FN:20,(anonymous_1)
FN:28,(anonymous_2)
FNF:3
FNH:0
FNDA:0,(anonymous_0)
FNDA:0,(anonymous_1)
FNDA:0,(anonymous_2)
DA:1,0
DA:2,0
DA:3,0
DA:4,0
DA:5,0
DA:6,0
DA:7,0
DA:8,0
DA:9,0
DA:12,0
DA:14,0
DA:15,0
DA:16,0
DA:18,0
DA:21,0
DA:25,0
DA:29,0
DA:30,0
DA:31,0
DA:32,0
DA:33,0
DA:35,0
DA:42,0
DA:47,0
DA:52,0
DA:57,0
DA:66,0
DA:75,0
DA:80,0
DA:96,0
DA:98,0
LF:31
LH:0
BRDA:15,0,0,0
BRDA:15,0,1,0
BRDA:32,1,0,0
BRDA:32,1,1,0
BRDA:32,2,0,0
BRDA:32,2,1,0
BRF:6
BRH:0
end_of_record
TN:
SF:routes\liabilities.js
FNF:0
FNH:0
DA:1,0
DA:2,0
DA:3,0
DA:4,0
DA:7,0
DA:12,0
DA:17,0
DA:22,0
DA:27,0
DA:29,0
LF:10
LH:0
BRF:0
BRH:0
end_of_record
TN:
SF:routes\recipients.js
FNF:0
FNH:0
DA:1,0
DA:2,0
DA:3,0
DA:4,0
DA:9,0
DA:14,0
DA:26,0
LF:7
LH:0
BRF:0
BRH:0
end_of_record
TN:
SF:routes\transactions.js
FN:19,(anonymous_0)
FN:27,(anonymous_1)
FN:36,(anonymous_2)
FN:57,(anonymous_3)
FN:62,(anonymous_4)
FN:133,(anonymous_5)
FN:148,(anonymous_6)
FNF:7
FNH:0
FNDA:0,(anonymous_0)
FNDA:0,(anonymous_1)
FNDA:0,(anonymous_2)
FNDA:0,(anonymous_3)
FNDA:0,(anonymous_4)
FNDA:0,(anonymous_5)
FNDA:0,(anonymous_6)
DA:1,0
DA:2,0
DA:3,0
DA:4,0
DA:5,0
DA:6,0
DA:7,0
DA:10,0
DA:13,0
DA:14,0
DA:15,0
DA:18,0
DA:20,0
DA:22,0
DA:23,0
DA:25,0
DA:29,0
DA:30,0
DA:31,0
DA:36,0
DA:38,0
DA:39,0
DA:41,0
DA:42,0
DA:44,0
DA:48,0
DA:57,0
DA:58,0
DA:62,0
DA:63,0
DA:64,0
DA:65,0
DA:66,0
DA:75,0
DA:81,0
DA:86,0
DA:91,0
DA:96,0
DA:101,0
DA:106,0
DA:111,0
DA:116,0
DA:121,0
DA:126,0
DA:133,0
DA:134,0
DA:136,0
DA:137,0
DA:140,0
DA:142,0
DA:148,0
DA:154,0
DA:155,0
DA:161,0
LF:54
LH:0
BRDA:22,0,0,0
BRDA:22,0,1,0
BRDA:41,1,0,0
BRDA:41,1,1,0
BRDA:64,2,0,0
BRDA:64,2,1,0
BRDA:64,3,0,0
BRDA:64,3,1,0
BRDA:69,4,0,0
BRDA:69,4,1,0
BRDA:70,5,0,0
BRDA:70,5,1,0
BRDA:136,6,0,0
BRDA:136,6,1,0
BRDA:144,7,0,0
BRDA:144,7,1,0
BRF:16
BRH:0
end_of_record
TN:
SF:routes\utils.js
FNF:0
FNH:0
DA:1,0
DA:2,0
DA:3,0
DA:4,0
DA:9,0
DA:14,0
DA:19,0
DA:24,0
DA:29,0
DA:31,0
LF:10
LH:0
BRF:0
BRH:0
end_of_record
TN:
SF:utils\categoryUtils.js
FN:7,(anonymous_0)
FNF:1
FNH:1
FNDA:10,(anonymous_0)
DA:1,1
DA:7,1
DA:8,10
DA:10,10
DA:46,10
DA:47,40
DA:48,240
DA:71,10
DA:73,0
DA:74,0
DA:78,1
LF:11
LH:9
BRF:0
BRH:0
end_of_record
TN:
SF:utils\currencyUtils.js
FN:41,(anonymous_0)
FN:51,(anonymous_1)
FN:60,(anonymous_2)
FN:69,(anonymous_3)
FN:70,(anonymous_4)
FN:79,(anonymous_5)
FNF:6
FNH:0
FNDA:0,(anonymous_0)
FNDA:0,(anonymous_1)
FNDA:0,(anonymous_2)
FNDA:0,(anonymous_3)
FNDA:0,(anonymous_4)
FNDA:0,(anonymous_5)
DA:7,0
DA:21,0
DA:41,0
DA:43,0
DA:44,0
DA:51,0
DA:52,0
DA:60,0
DA:61,0
DA:69,0
DA:70,0
DA:79,0
DA:80,0
DA:86,0
LF:14
LH:0
BRDA:70,0,0,0
BRDA:70,0,1,0
BRDA:79,1,0,0
BRF:3
BRH:0
end_of_record
TN:
SF:utils\ledgerUtils.js
FN:13,(anonymous_0)
FN:41,(anonymous_1)
FN:57,(anonymous_2)
FN:90,(anonymous_3)
FN:146,(anonymous_4)
FN:241,(anonymous_5)
FN:276,(anonymous_6)
FN:312,(anonymous_7)
FN:357,(anonymous_8)
FN:381,(anonymous_9)
FNF:10
FNH:0
FNDA:0,(anonymous_0)
FNDA:0,(anonymous_1)
FNDA:0,(anonymous_2)
FNDA:0,(anonymous_3)
FNDA:0,(anonymous_4)
FNDA:0,(anonymous_5)
FNDA:0,(anonymous_6)
FNDA:0,(anonymous_7)
FNDA:0,(anonymous_8)
FNDA:0,(anonymous_9)
DA:1,0
DA:2,0
DA:3,0
DA:4,0
DA:13,0
DA:14,0
DA:16,0
DA:19,0
DA:20,0
DA:26,0
DA:29,0
DA:31,0
DA:32,0
DA:41,0
DA:42,0
DA:43,0
DA:44,0
DA:46,0
DA:47,0
DA:57,0
DA:58,0
DA:60,0
DA:66,0
DA:69,0
DA:70,0
DA:71,0
DA:72,0
DA:73,0
DA:75,0
DA:77,0
DA:79,0
DA:80,0
DA:90,0
DA:91,0
DA:92,0
DA:95,0
DA:96,0
DA:103,0
DA:104,0
DA:105,0
DA:106,0
DA:109,0
DA:110,0
DA:111,0
DA:112,0
DA:114,0
DA:121,0
DA:123,0
DA:127,0
DA:141,0
DA:142,0
DA:143,0
DA:146,0
DA:147,0
DA:148,0
DA:149,0
DA:156,0
DA:158,0
DA:161,0
DA:162,0
DA:163,0
DA:166,0
DA:179,0
DA:192,0
DA:206,0
DA:220,0
DA:230,0
DA:231,0
DA:241,0
DA:242,0
DA:243,0
DA:246,0
DA:247,0
DA:251,0
DA:254,0
DA:257,0
DA:272,0
DA:273,0
DA:275,0
DA:276,0
DA:279,0
DA:281,0
DA:284,0
DA:292,0
DA:294,0
DA:299,0
DA:301,0
DA:302,0
DA:312,0
DA:313,0
DA:314,0
DA:317,0
DA:318,0
DA:325,0
DA:326,0
DA:330,0
DA:331,0
DA:335,0
DA:340,0
DA:341,0
DA:344,0
DA:345,0
DA:347,0
DA:348,0
DA:357,0
DA:358,0
DA:360,0
DA:363,0
DA:371,0
DA:372,0
DA:375,0
DA:378,0
DA:379,0
DA:381,0
DA:382,0
DA:383,0
DA:384,0
DA:385,0
DA:390,0
DA:391,0
DA:392,0
DA:395,0
DA:397,0
DA:398,0
DA:402,0
LF:125
LH:0
BRDA:13,0,0,0
BRDA:19,1,0,0
BRDA:19,1,1,0
BRDA:70,2,0,0
BRDA:70,2,1,0
BRDA:72,3,0,0
BRDA:72,3,1,0
BRDA:92,4,0,0
BRDA:96,5,0,0
BRDA:96,5,1,0
BRDA:110,6,0,0
BRDA:110,6,1,0
BRDA:112,7,0,0
BRDA:112,7,1,0
BRDA:131,8,0,0
BRDA:131,8,1,0
BRDA:132,9,0,0
BRDA:132,9,1,0
BRDA:132,9,2,0
BRDA:148,10,0,0
BRDA:148,10,1,0
BRDA:153,11,0,0
BRDA:153,11,1,0
BRDA:153,12,0,0
BRDA:153,12,1,0
BRDA:154,13,0,0
BRDA:154,13,1,0
BRDA:154,14,0,0
BRDA:154,14,1,0
BRDA:170,15,0,0
BRDA:170,15,1,0
BRDA:171,16,0,0
BRDA:171,16,1,0
BRDA:171,16,2,0
BRDA:183,17,0,0
BRDA:183,17,1,0
BRDA:184,18,0,0
BRDA:184,18,1,0
BRDA:184,18,2,0
BRDA:196,19,0,0
BRDA:196,19,1,0
BRDA:197,20,0,0
BRDA:197,20,1,0
BRDA:197,20,2,0
BRDA:210,21,0,0
BRDA:210,21,1,0
BRDA:211,22,0,0
BRDA:211,22,1,0
BRDA:211,22,2,0
BRDA:243,23,0,0
BRDA:246,24,0,0
BRDA:246,24,1,0
BRDA:254,25,0,0
BRDA:254,25,1,0
BRDA:254,25,2,0
BRDA:262,26,0,0
BRDA:262,26,1,0
BRDA:263,27,0,0
BRDA:263,27,1,0
BRDA:263,27,2,0
BRDA:272,28,0,0
BRDA:272,28,1,0
BRDA:272,29,0,0
BRDA:272,29,1,0
BRDA:276,30,0,0
BRDA:276,30,1,0
BRDA:279,31,0,0
BRDA:279,31,1,0
BRDA:287,32,0,0
BRDA:287,32,1,0
BRDA:312,33,0,0
BRDA:317,34,0,0
BRDA:317,34,1,0
BRDA:317,35,0,0
BRDA:317,35,1,0
BRDA:325,36,0,0
BRDA:325,36,1,0
BRDA:330,37,0,0
BRDA:330,37,1,0
BRDA:340,38,0,0
BRDA:340,38,1,0
BRDA:382,39,0,0
BRDA:382,39,1,0
BRDA:384,40,0,0
BRDA:384,40,1,0
BRF:85
BRH:0
end_of_record
TN:
SF:utils\transactionUtils.js
FN:15,(anonymous_0)
FN:55,(anonymous_1)
FN:170,(anonymous_2)
FN:203,(anonymous_3)
FN:238,(anonymous_4)
FN:252,(anonymous_5)
FN:288,(anonymous_6)
FN:316,(anonymous_7)
FN:393,(anonymous_8)
FNF:9
FNH:0
FNDA:0,(anonymous_0)
FNDA:0,(anonymous_1)
FNDA:0,(anonymous_2)
FNDA:0,(anonymous_3)
FNDA:0,(anonymous_4)
FNDA:0,(anonymous_5)
FNDA:0,(anonymous_6)
FNDA:0,(anonymous_7)
FNDA:0,(anonymous_8)
DA:5,0
DA:6,0
DA:7,0
DA:15,0
DA:16,0
DA:17,0
DA:20,0
DA:27,0
DA:47,0
DA:50,0
DA:51,0
DA:52,0
DA:55,0
DA:56,0
DA:58,0
DA:60,0
DA:67,0
DA:70,0
DA:74,0
DA:75,0
DA:76,0
DA:79,0
DA:100,0
DA:121,0
DA:143,0
DA:150,0
DA:159,0
DA:160,0
DA:170,0
DA:171,0
DA:172,0
DA:175,0
DA:176,0
DA:180,0
DA:196,0
DA:199,0
DA:200,0
DA:202,0
DA:203,0
DA:206,0
DA:208,0
DA:211,0
DA:219,0
DA:221,0
DA:226,0
DA:228,0
DA:229,0
DA:238,0
DA:239,0
DA:241,0
DA:244,0
DA:252,0
DA:253,0
DA:255,0
DA:257,0
DA:260,0
DA:261,0
DA:264,0
DA:270,0
DA:271,0
DA:272,0
DA:273,0
DA:275,0
DA:277,0
DA:278,0
DA:288,0
DA:289,0
DA:291,0
DA:293,0
DA:294,0
DA:297,0
DA:298,0
DA:302,0
DA:305,0
DA:312,0
DA:313,0
DA:316,0
DA:317,0
DA:321,0
DA:324,0
DA:329,0
DA:332,0
DA:336,0
DA:337,0
DA:338,0
DA:341,0
DA:343,0
DA:347,0
DA:348,0
DA:349,0
DA:350,0
DA:351,0
DA:352,0
DA:356,0
DA:357,0
DA:361,0
DA:364,0
DA:365,0
DA:369,0
DA:370,0
DA:374,0
DA:375,0
DA:378,0
DA:383,0
DA:384,0
DA:393,0
DA:394,0
DA:396,0
DA:398,0
DA:399,0
DA:402,0
DA:403,0
DA:407,0
DA:413,0
DA:414,0
DA:418,0
DA:420,0
DA:422,0
DA:423,0
DA:427,0
LF:120
LH:0
BRDA:17,0,0,0
BRDA:20,1,0,0
BRDA:20,1,1,0
BRDA:33,2,0,0
BRDA:33,2,1,0
BRDA:34,3,0,0
BRDA:34,3,1,0
BRDA:34,3,2,0
BRDA:40,4,0,0
BRDA:40,4,1,0
BRDA:58,5,0,0
BRDA:58,5,1,0
BRDA:65,6,0,0
BRDA:65,6,1,0
BRDA:65,7,0,0
BRDA:65,7,1,0
BRDA:85,8,0,0
BRDA:85,8,1,0
BRDA:86,9,0,0
BRDA:86,9,1,0
BRDA:86,9,2,0
BRDA:106,10,0,0
BRDA:106,10,1,0
BRDA:107,11,0,0
BRDA:107,11,1,0
BRDA:107,11,2,0
BRDA:127,12,0,0
BRDA:127,12,1,0
BRDA:128,13,0,0
BRDA:128,13,1,0
BRDA:128,13,2,0
BRDA:172,14,0,0
BRDA:175,15,0,0
BRDA:175,15,1,0
BRDA:187,16,0,0
BRDA:187,16,1,0
BRDA:188,17,0,0
BRDA:188,17,1,0
BRDA:188,17,2,0
BRDA:199,18,0,0
BRDA:199,18,1,0
BRDA:199,19,0,0
BRDA:199,19,1,0
BRDA:203,20,0,0
BRDA:203,20,1,0
BRDA:206,21,0,0
BRDA:206,21,1,0
BRDA:214,22,0,0
BRDA:214,22,1,0
BRDA:255,23,0,0
BRDA:255,23,1,0
BRDA:260,24,0,0
BRDA:260,24,1,0
BRDA:293,25,0,0
BRDA:293,25,1,0
BRDA:297,26,0,0
BRDA:297,26,1,0
BRDA:305,27,0,0
BRDA:305,27,1,0
BRDA:313,28,0,0
BRDA:313,28,1,0
BRDA:329,29,0,0
BRDA:329,29,1,0
BRDA:347,30,0,0
BRDA:347,30,1,0
BRDA:349,31,0,0
BRDA:349,31,1,0
BRDA:351,32,0,0
BRDA:351,32,1,0
BRDA:356,33,0,0
BRDA:356,33,1,0
BRDA:364,34,0,0
BRDA:364,34,1,0
BRDA:369,35,0,0
BRDA:369,35,1,0
BRDA:398,36,0,0
BRDA:398,36,1,0
BRDA:402,37,0,0
BRDA:402,37,1,0
BRF:79
BRH:0
end_of_record
